# JRE version: OpenJDK Runtime Environment Microsoft-8035246 (17.0.8+7) (build 17.0.8+7-LTS)
# Java VM: OpenJDK 64-Bit Server VM Microsoft-8035246 (17.0.8+7-LTS, mixed mode, sharing, tiered, compressed oops, compressed class ptrs, g1 gc, windows-amd64)
GC Precious Log:
 CPUs: 8 total, 8 available
 Memory: 10101M
 Large Page Support: Disabled
 NUMA Support: Disabled
 Compressed Oops: Enabled (Zero based)
 Heap Region Size: 4M
 Heap Min Capacity: 8M
 Heap Initial Capacity: 160M
 Heap Max Capacity: 4608M
 Pre-touch: Disabled
 Parallel Workers: 8
 Concurrent Workers: 2
 Concurrent Refinement Workers: 8
 Periodic GC: Disabled
Heap:
 garbage-first heap   total 737280K, used 403917K [0x00000006e0000000, 0x0000000800000000)
  region size 4096K, 24 young (98304K), 4 survivors (16384K)
 Metaspace       used 123041K, committed 125120K, reserved 557056K
  class space    used 16887K, committed 17792K, reserved 425984K
GC Heap History (20 events):
Event: 84.486 GC heap before
{Heap before GC invocations=55 (full 0):
 garbage-first heap   total 417792K, used 332127K [0x00000006e0000000, 0x0000000800000000)
  region size 4096K, 25 young (102400K), 1 survivors (4096K)
 Metaspace       used 113307K, committed 114944K, reserved 557056K
  class space    used 15788K, committed 16512K, reserved 425984K
}
Event: 84.497 GC heap after
{Heap after GC invocations=56 (full 0):
 garbage-first heap   total 417792K, used 250990K [0x00000006e0000000, 0x0000000800000000)
  region size 4096K, 4 young (16384K), 4 survivors (16384K)
 Metaspace       used 113307K, committed 114944K, reserved 557056K
  class space    used 15788K, committed 16512K, reserved 425984K
}
Event: 85.677 GC heap before
{Heap before GC invocations=56 (full 0):
 garbage-first heap   total 417792K, used 332910K [0x00000006e0000000, 0x0000000800000000)
  region size 4096K, 24 young (98304K), 4 survivors (16384K)
 Metaspace       used 113968K, committed 115648K, reserved 557056K
  class space    used 15874K, committed 16640K, reserved 425984K
}
Event: 85.691 GC heap after
{Heap after GC invocations=57 (full 0):
 garbage-first heap   total 417792K, used 267305K [0x00000006e0000000, 0x0000000800000000)
  region size 4096K, 3 young (12288K), 3 survivors (12288K)
 Metaspace       used 113968K, committed 115648K, reserved 557056K
  class space    used 15874K, committed 16640K, reserved 425984K
}
Event: 86.504 GC heap before
{Heap before GC invocations=57 (full 0):
 garbage-first heap   total 417792K, used 328745K [0x00000006e0000000, 0x0000000800000000)
  region size 4096K, 19 young (77824K), 3 survivors (12288K)
 Metaspace       used 114438K, committed 116224K, reserved 557056K
  class space    used 15928K, committed 16704K, reserved 425984K
}
Event: 86.514 GC heap after
{Heap after GC invocations=58 (full 0):
 garbage-first heap   total 417792K, used 281647K [0x00000006e0000000, 0x0000000800000000)
  region size 4096K, 3 young (12288K), 3 survivors (12288K)
 Metaspace       used 114438K, committed 116224K, reserved 557056K
  class space    used 15928K, committed 16704K, reserved 425984K
}
Event: 87.212 GC heap before
{Heap before GC invocations=58 (full 0):
 garbage-first heap   total 417792K, used 338991K [0x00000006e0000000, 0x0000000800000000)
  region size 4096K, 17 young (69632K), 3 survivors (12288K)
 Metaspace       used 117928K, committed 119616K, reserved 557056K
  class space    used 16434K, committed 17152K, reserved 425984K
}
Event: 87.220 GC heap after
{Heap after GC invocations=59 (full 0):
 garbage-first heap   total 417792K, used 288342K [0x00000006e0000000, 0x0000000800000000)
  region size 4096K, 2 young (8192K), 2 survivors (8192K)
 Metaspace       used 117928K, committed 119616K, reserved 557056K
  class space    used 16434K, committed 17152K, reserved 425984K
}
Event: 92.604 GC heap before
{Heap before GC invocations=59 (full 0):
 garbage-first heap   total 417792K, used 337494K [0x00000006e0000000, 0x0000000800000000)
  region size 4096K, 14 young (57344K), 2 survivors (8192K)
 Metaspace       used 119258K, committed 121152K, reserved 557056K
  class space    used 16567K, committed 17408K, reserved 425984K
}
Event: 92.615 GC heap after
{Heap after GC invocations=60 (full 0):
 garbage-first heap   total 417792K, used 297191K [0x00000006e0000000, 0x0000000800000000)
  region size 4096K, 2 young (8192K), 2 survivors (8192K)
 Metaspace       used 119258K, committed 121152K, reserved 557056K
  class space    used 16567K, committed 17408K, reserved 425984K
}
Event: 93.419 GC heap before
{Heap before GC invocations=60 (full 0):
 garbage-first heap   total 417792K, used 346343K [0x00000006e0000000, 0x0000000800000000)
  region size 4096K, 14 young (57344K), 2 survivors (8192K)
 Metaspace       used 120009K, committed 121920K, reserved 557056K
  class space    used 16655K, committed 17472K, reserved 425984K
}
Event: 93.433 GC heap after
{Heap after GC invocations=61 (full 0):
 garbage-first heap   total 417792K, used 309900K [0x00000006e0000000, 0x0000000800000000)
  region size 4096K, 2 young (8192K), 2 survivors (8192K)
 Metaspace       used 120009K, committed 121920K, reserved 557056K
  class space    used 16655K, committed 17472K, reserved 425984K
}
Event: 93.948 GC heap before
{Heap before GC invocations=61 (full 0):
 garbage-first heap   total 417792K, used 346764K [0x00000006e0000000, 0x0000000800000000)
  region size 4096K, 11 young (45056K), 2 survivors (8192K)
 Metaspace       used 120239K, committed 122176K, reserved 557056K
  class space    used 16671K, committed 17536K, reserved 425984K
}
Event: 93.957 GC heap after
{Heap after GC invocations=62 (full 0):
 garbage-first heap   total 417792K, used 314410K [0x00000006e0000000, 0x0000000800000000)
  region size 4096K, 1 young (4096K), 1 survivors (4096K)
 Metaspace       used 120239K, committed 122176K, reserved 557056K
  class space    used 16671K, committed 17536K, reserved 425984K
}
Event: 94.475 GC heap before
{Heap before GC invocations=63 (full 0):
 garbage-first heap   total 561152K, used 351274K [0x00000006e0000000, 0x0000000800000000)
  region size 4096K, 10 young (40960K), 1 survivors (4096K)
 Metaspace       used 120348K, committed 122304K, reserved 557056K
  class space    used 16674K, committed 17536K, reserved 425984K
}
Event: 94.480 GC heap after
{Heap after GC invocations=64 (full 0):
 garbage-first heap   total 561152K, used 317430K [0x00000006e0000000, 0x0000000800000000)
  region size 4096K, 2 young (8192K), 2 survivors (8192K)
 Metaspace       used 120348K, committed 122304K, reserved 557056K
  class space    used 16674K, committed 17536K, reserved 425984K
}
Event: 94.599 GC heap before
{Heap before GC invocations=64 (full 0):
 garbage-first heap   total 561152K, used 333814K [0x00000006e0000000, 0x0000000800000000)
  region size 4096K, 6 young (24576K), 2 survivors (8192K)
 Metaspace       used 120408K, committed 122368K, reserved 557056K
  class space    used 16685K, committed 17536K, reserved 425984K
}
Event: 94.608 GC heap after
{Heap after GC invocations=65 (full 0):
 garbage-first heap   total 561152K, used 316471K [0x00000006e0000000, 0x0000000800000000)
  region size 4096K, 1 young (4096K), 1 survivors (4096K)
 Metaspace       used 120408K, committed 122368K, reserved 557056K
  class space    used 16685K, committed 17536K, reserved 425984K
}
Event: 97.227 GC heap before
{Heap before GC invocations=65 (full 0):
 garbage-first heap   total 561152K, used 443447K [0x00000006e0000000, 0x0000000800000000)
  region size 4096K, 32 young (131072K), 1 survivors (4096K)
 Metaspace       used 120999K, committed 122944K, reserved 557056K
  class space    used 16734K, committed 17600K, reserved 425984K
}
Event: 97.242 GC heap after
{Heap after GC invocations=66 (full 0):
 garbage-first heap   total 737280K, used 330189K [0x00000006e0000000, 0x0000000800000000)
  region size 4096K, 4 young (16384K), 4 survivors (16384K)
 Metaspace       used 120999K, committed 122944K, reserved 557056K
  class space    used 16734K, committed 17600K, reserved 425984K
}

